<?xml version="1.0" encoding="UTF-8"?>
<!-- Generated by org.testng.reporters.JUnitXMLReporter -->
<testsuite ignored="0" hostname="LAPTOP-S0IS0QVR" failures="0" tests="5" name="GridTesting" time="34.984" errors="0" timestamp="2020-09-17T10:45:17 IST">
  <testcase classname="Grid.Cross" name="VerifyTitlepage" time="5.404"/>
  <testcase classname="QAclass.Alerts" name="alerts" time="6.184"/>
  <testcase classname="QAclass.Information_Commands" name="gmail" time="0.054"/>
  <testcase classname="QAclass.Information_Commands" name="google_image" time="0.055"/>
  <testcase classname="QAclass.Information_Commands" name="searchbutton" time="0.038"/>
</testsuite> <!-- GridTesting -->
